Determining if the pthread_create exist failed with the following output:
Change Dir: /home/pi/launchpad_base/build/CMakeFiles/CMakeTmp

Run Build Command:"/usr/bin/make" "cmTryCompileExec2521266494/fast"
/usr/bin/make -f CMakeFiles/cmTryCompileExec2521266494.dir/build.make CMakeFiles/cmTryCompileExec2521266494.dir/build
make[1]: Entering directory '/home/pi/launchpad_base/build/CMakeFiles/CMakeTmp'
/usr/bin/cmake -E cmake_progress_report /home/pi/launchpad_base/build/CMakeFiles/CMakeTmp/CMakeFiles 1
Building C object CMakeFiles/cmTryCompileExec2521266494.dir/CheckSymbolExists.c.o
/usr/bin/cc    -o CMakeFiles/cmTryCompileExec2521266494.dir/CheckSymbolExists.c.o   -c /home/pi/launchpad_base/build/CMakeFiles/CMakeTmp/CheckSymbolExists.c
Linking C executable cmTryCompileExec2521266494
/usr/bin/cmake -E cmake_link_script CMakeFiles/cmTryCompileExec2521266494.dir/link.txt --verbose=1
/usr/bin/cc       CMakeFiles/cmTryCompileExec2521266494.dir/CheckSymbolExists.c.o  -o cmTryCompileExec2521266494 -rdynamic 
CMakeFiles/cmTryCompileExec2521266494.dir/CheckSymbolExists.c.o: In function `main':
CheckSymbolExists.c:(.text+0x38): undefined reference to `pthread_create'
collect2: error: ld returned 1 exit status
CMakeFiles/cmTryCompileExec2521266494.dir/build.make:88: recipe for target 'cmTryCompileExec2521266494' failed
make[1]: Leaving directory '/home/pi/launchpad_base/build/CMakeFiles/CMakeTmp'
make[1]: *** [cmTryCompileExec2521266494] Error 1
Makefile:118: recipe for target 'cmTryCompileExec2521266494/fast' failed
make: *** [cmTryCompileExec2521266494/fast] Error 2

File /home/pi/launchpad_base/build/CMakeFiles/CMakeTmp/CheckSymbolExists.c:
/* */
#include <pthread.h>

int main(int argc, char** argv)
{
  (void)argv;
#ifndef pthread_create
  return ((int*)(&pthread_create))[argc];
#else
  (void)argc;
  return 0;
#endif
}

Determining if the function pthread_create exists in the pthreads failed with the following output:
Change Dir: /home/pi/launchpad_base/build/CMakeFiles/CMakeTmp

Run Build Command:"/usr/bin/make" "cmTryCompileExec3173808067/fast"
/usr/bin/make -f CMakeFiles/cmTryCompileExec3173808067.dir/build.make CMakeFiles/cmTryCompileExec3173808067.dir/build
make[1]: Entering directory '/home/pi/launchpad_base/build/CMakeFiles/CMakeTmp'
/usr/bin/cmake -E cmake_progress_report /home/pi/launchpad_base/build/CMakeFiles/CMakeTmp/CMakeFiles 1
Building C object CMakeFiles/cmTryCompileExec3173808067.dir/CheckFunctionExists.c.o
/usr/bin/cc   -DCHECK_FUNCTION_EXISTS=pthread_create   -o CMakeFiles/cmTryCompileExec3173808067.dir/CheckFunctionExists.c.o   -c /usr/share/cmake-3.0/Modules/CheckFunctionExists.c
Linking C executable cmTryCompileExec3173808067
/usr/bin/cmake -E cmake_link_script CMakeFiles/cmTryCompileExec3173808067.dir/link.txt --verbose=1
/usr/bin/cc   -DCHECK_FUNCTION_EXISTS=pthread_create    CMakeFiles/cmTryCompileExec3173808067.dir/CheckFunctionExists.c.o  -o cmTryCompileExec3173808067 -rdynamic -lpthreads 
/usr/bin/ld: cannot find -lpthreads
collect2: error: ld returned 1 exit status
CMakeFiles/cmTryCompileExec3173808067.dir/build.make:88: recipe for target 'cmTryCompileExec3173808067' failed
make[1]: *** [cmTryCompileExec3173808067] Error 1
make[1]: Leaving directory '/home/pi/launchpad_base/build/CMakeFiles/CMakeTmp'
Makefile:118: recipe for target 'cmTryCompileExec3173808067/fast' failed
make: *** [cmTryCompileExec3173808067/fast] Error 2


